<?xml version="1.0" encoding="utf-8"?>
<!DOCTYPE coverage SYSTEM "http://cobertura.sourceforge.net/xml/coverage-04.dtd">
<coverage line-rate="0.7865470852017937" branch-rate="0.6883116883116883" lines-covered="877" lines-valid="1115" branches-covered="106" branches-valid="154" complexity="566" version="0" timestamp="1756530715">
  <sources>
    <source>/home/runner/work/ShaliShop/ShaliShop/ShaliShop/src/</source>
  </sources>
  <packages>
    <package name="CatalogModule.Application" line-rate="0.9026548672566371" branch-rate="1" complexity="45">
      <classes>
        <class name="CatalogModule.Application.CatalogModuleApplicationAssemblyReference" filename="/home/runner/work/ShaliShop/ShaliShop/ShaliShop/src/Modules/ProductModule/src/CatalogModule.Application/CatalogModuleApplicationAssemblyReference.cs" line-rate="0" branch-rate="1" complexity="1">
          <methods>
            <method name="Get" signature="()" line-rate="0" branch-rate="1" complexity="1">
              <lines>
                <line number="7" hits="0" branch="false" />
              </lines>
            </method>
          </methods>
          <lines>
            <line number="7" hits="0" branch="false" />
          </lines>
        </class>
        <class name="CatalogModule.Application.Errors.ProductNotFoundError" filename="/home/runner/work/ShaliShop/ShaliShop/ShaliShop/src/Modules/ProductModule/src/CatalogModule.Application/Errors/ShipmentNotFound.cs" line-rate="1" branch-rate="1" complexity="2">
          <methods>
            <method name="get_Id" signature="()" line-rate="1" branch-rate="1" complexity="1">
              <lines>
                <line number="3" hits="5" branch="false" />
              </lines>
            </method>
            <method name="get_ErrorCode" signature="()" line-rate="1" branch-rate="1" complexity="1">
              <lines>
                <line number="5" hits="5" branch="false" />
              </lines>
            </method>
          </methods>
          <lines>
            <line number="3" hits="5" branch="false" />
            <line number="5" hits="5" branch="false" />
          </lines>
        </class>
        <class name="CatalogModule.Application.Products.Commands.AddVariant.ProductAddVariantCommand" filename="/home/runner/work/ShaliShop/ShaliShop/ShaliShop/src/Modules/ProductModule/src/CatalogModule.Application/Products/Commands/AddVariant/ProductAddVariantCommand.cs" line-rate="1" branch-rate="1" complexity="5">
          <methods>
            <method name="get_ProductId" signature="()" line-rate="1" branch-rate="1" complexity="1">
              <lines>
                <line number="4" hits="7" branch="false" />
              </lines>
            </method>
            <method name="get_Sku" signature="()" line-rate="1" branch-rate="1" complexity="1">
              <lines>
                <line number="5" hits="3" branch="false" />
              </lines>
            </method>
            <method name="get_Options" signature="()" line-rate="1" branch-rate="1" complexity="1">
              <lines>
                <line number="6" hits="3" branch="false" />
              </lines>
            </method>
            <method name="get_PriceOverride" signature="()" line-rate="1" branch-rate="1" complexity="1">
              <lines>
                <line number="7" hits="3" branch="false" />
              </lines>
            </method>
            <method name=".ctor" signature="(System.Guid,System.String,System.Collections.Generic.Dictionary`2&lt;System.String,System.String&gt;,SharedModule.Domain.ValueObjects.Money)" line-rate="1" branch-rate="1" complexity="1">
              <lines>
                <line number="3" hits="4" branch="false" />
                <line number="4" hits="7" branch="false" />
                <line number="5" hits="3" branch="false" />
                <line number="6" hits="3" branch="false" />
                <line number="7" hits="3" branch="false" />
                <line number="8" hits="4" branch="false" />
              </lines>
            </method>
          </methods>
          <lines>
            <line number="3" hits="4" branch="false" />
            <line number="4" hits="7" branch="false" />
            <line number="5" hits="3" branch="false" />
            <line number="6" hits="3" branch="false" />
            <line number="7" hits="3" branch="false" />
            <line number="8" hits="4" branch="false" />
          </lines>
        </class>
        <class name="CatalogModule.Application.Products.Commands.AddVariant.ProductAddVariantCommandHandler" filename="/home/runner/work/ShaliShop/ShaliShop/ShaliShop/src/Modules/ProductModule/src/CatalogModule.Application/Products/Commands/AddVariant/ProductAddVariantCommandHandler.cs" line-rate="1" branch-rate="1" complexity="3">
          <methods>
            <method name=".ctor" signature="(CatalogModule.Domain.Products.Repository.IProductRepository,CatalogModule.Application.Abstraction.ICatalogUnitOfWork)" line-rate="1" branch-rate="1" complexity="1">
              <lines>
                <line number="7" hits="4" branch="false" />
                <line number="8" hits="4" branch="false" />
                <line number="9" hits="4" branch="false" />
                <line number="10" hits="4" branch="false" />
              </lines>
            </method>
            <method name="Handle" signature="()" line-rate="1" branch-rate="1" complexity="2">
              <lines>
                <line number="14" hits="4" branch="false" />
                <line number="15" hits="4" branch="true" condition-coverage="100% (2/2)" />
                <line number="16" hits="1" branch="false" />
                <line number="18" hits="3" branch="false" />
                <line number="19" hits="3" branch="false" />
                <line number="20" hits="3" branch="false" />
                <line number="21" hits="3" branch="false" />
                <line number="22" hits="3" branch="false" />
                <line number="24" hits="3" branch="false" />
                <line number="26" hits="2" branch="false" />
                <line number="27" hits="2" branch="false" />
                <line number="29" hits="2" branch="false" />
                <line number="30" hits="3" branch="false" />
              </lines>
            </method>
          </methods>
          <lines>
            <line number="7" hits="4" branch="false" />
            <line number="8" hits="4" branch="false" />
            <line number="9" hits="4" branch="false" />
            <line number="10" hits="4" branch="false" />
            <line number="14" hits="4" branch="false" />
            <line number="15" hits="4" branch="true" condition-coverage="100% (2/2)" />
            <line number="16" hits="1" branch="false" />
            <line number="18" hits="3" branch="false" />
            <line number="19" hits="3" branch="false" />
            <line number="20" hits="3" branch="false" />
            <line number="21" hits="3" branch="false" />
            <line number="22" hits="3" branch="false" />
            <line number="24" hits="3" branch="false" />
            <line number="26" hits="2" branch="false" />
            <line number="27" hits="2" branch="false" />
            <line number="29" hits="2" branch="false" />
            <line number="30" hits="3" branch="false" />
          </lines>
        </class>
        <class name="CatalogModule.Application.Products.Commands.ChangePrice.ProductChangePriceCommand" filename="/home/runner/work/ShaliShop/ShaliShop/ShaliShop/src/Modules/ProductModule/src/CatalogModule.Application/Products/Commands/ChangePrice/ProductChangePriceCommand.cs" line-rate="1" branch-rate="1" complexity="3">
          <methods>
            <method name="get_ProductId" signature="()" line-rate="1" branch-rate="1" complexity="1">
              <lines>
                <line number="4" hits="7" branch="false" />
              </lines>
            </method>
            <method name="get_NewPrice" signature="()" line-rate="1" branch-rate="1" complexity="1">
              <lines>
                <line number="5" hits="3" branch="false" />
              </lines>
            </method>
            <method name=".ctor" signature="(System.Guid,SharedModule.Domain.ValueObjects.Money)" line-rate="1" branch-rate="1" complexity="1">
              <lines>
                <line number="3" hits="4" branch="false" />
                <line number="4" hits="7" branch="false" />
                <line number="5" hits="3" branch="false" />
                <line number="6" hits="4" branch="false" />
              </lines>
            </method>
          </methods>
          <lines>
            <line number="3" hits="4" branch="false" />
            <line number="4" hits="7" branch="false" />
            <line number="5" hits="3" branch="false" />
            <line number="6" hits="4" branch="false" />
          </lines>
        </class>
        <class name="CatalogModule.Application.Products.Commands.ChangePrice.ProductChangePriceCommandHandler" filename="/home/runner/work/ShaliShop/ShaliShop/ShaliShop/src/Modules/ProductModule/src/CatalogModule.Application/Products/Commands/ChangePrice/ProductChangePriceCommandHandler.cs" line-rate="1" branch-rate="1" complexity="3">
          <methods>
            <method name=".ctor" signature="(CatalogModule.Domain.Products.Repository.IProductRepository,CatalogModule.Application.Abstraction.ICatalogUnitOfWork)" line-rate="1" branch-rate="1" complexity="1">
              <lines>
                <line number="6" hits="4" branch="false" />
                <line number="7" hits="4" branch="false" />
                <line number="8" hits="4" branch="false" />
                <line number="9" hits="4" branch="false" />
              </lines>
            </method>
            <method name="Handle" signature="()" line-rate="1" branch-rate="1" complexity="2">
              <lines>
                <line number="13" hits="4" branch="false" />
                <line number="14" hits="4" branch="true" condition-coverage="100% (2/2)" />
                <line number="15" hits="1" branch="false" />
                <line number="17" hits="3" branch="false" />
                <line number="19" hits="3" branch="false" />
                <line number="20" hits="3" branch="false" />
                <line number="22" hits="3" branch="false" />
                <line number="23" hits="4" branch="false" />
              </lines>
            </method>
          </methods>
          <lines>
            <line number="6" hits="4" branch="false" />
            <line number="7" hits="4" branch="false" />
            <line number="8" hits="4" branch="false" />
            <line number="9" hits="4" branch="false" />
            <line number="13" hits="4" branch="false" />
            <line number="14" hits="4" branch="true" condition-coverage="100% (2/2)" />
            <line number="15" hits="1" branch="false" />
            <line number="17" hits="3" branch="false" />
            <line number="19" hits="3" branch="false" />
            <line number="20" hits="3" branch="false" />
            <line number="22" hits="3" branch="false" />
            <line number="23" hits="4" branch="false" />
          </lines>
        </class>
        <class name="CatalogModule.Application.Products.Commands.Create.ProductCreateCommand" filename="/home/runner/work/ShaliShop/ShaliShop/ShaliShop/src/Modules/ProductModule/src/CatalogModule.Application/Products/Commands/Create/ProductCreateCommand.cs" line-rate="1" branch-rate="1" complexity="5">
          <methods>
            <method name="get_Name" signature="()" line-rate="1" branch-rate="1" complexity="1">
              <lines>
                <line number="4" hits="2" branch="false" />
              </lines>
            </method>
            <method name="get_Description" signature="()" line-rate="1" branch-rate="1" complexity="1">
              <lines>
                <line number="5" hits="2" branch="false" />
              </lines>
            </method>
            <method name="get_Price" signature="()" line-rate="1" branch-rate="1" complexity="1">
              <lines>
                <line number="6" hits="2" branch="false" />
              </lines>
            </method>
            <method name="get_Category" signature="()" line-rate="1" branch-rate="1" complexity="1">
              <lines>
                <line number="7" hits="2" branch="false" />
              </lines>
            </method>
            <method name=".ctor" signature="(System.String,System.String,SharedModule.Domain.ValueObjects.Money,System.String)" line-rate="1" branch-rate="1" complexity="1">
              <lines>
                <line number="3" hits="2" branch="false" />
                <line number="4" hits="2" branch="false" />
                <line number="5" hits="2" branch="false" />
                <line number="6" hits="2" branch="false" />
                <line number="7" hits="2" branch="false" />
                <line number="8" hits="2" branch="false" />
              </lines>
            </method>
          </methods>
          <lines>
            <line number="3" hits="2" branch="false" />
            <line number="4" hits="2" branch="false" />
            <line number="5" hits="2" branch="false" />
            <line number="6" hits="2" branch="false" />
            <line number="7" hits="2" branch="false" />
            <line number="8" hits="2" branch="false" />
          </lines>
        </class>
        <class name="CatalogModule.Application.Products.Commands.Create.ProductCreateCommandHandler" filename="/home/runner/work/ShaliShop/ShaliShop/ShaliShop/src/Modules/ProductModule/src/CatalogModule.Application/Products/Commands/Create/ProductCreateCommandHandler.cs" line-rate="1" branch-rate="1" complexity="2">
          <methods>
            <method name=".ctor" signature="(CatalogModule.Domain.Products.Repository.IProductRepository,CatalogModule.Application.Abstraction.ICatalogUnitOfWork)" line-rate="1" branch-rate="1" complexity="1">
              <lines>
                <line number="6" hits="2" branch="false" />
                <line number="7" hits="2" branch="false" />
                <line number="8" hits="2" branch="false" />
                <line number="9" hits="2" branch="false" />
              </lines>
            </method>
            <method name="Handle" signature="()" line-rate="1" branch-rate="1" complexity="1">
              <lines>
                <line number="13" hits="2" branch="false" />
                <line number="15" hits="2" branch="false" />
                <line number="16" hits="2" branch="false" />
                <line number="18" hits="2" branch="false" />
                <line number="19" hits="2" branch="false" />
              </lines>
            </method>
          </methods>
          <lines>
            <line number="6" hits="2" branch="false" />
            <line number="7" hits="2" branch="false" />
            <line number="8" hits="2" branch="false" />
            <line number="9" hits="2" branch="false" />
            <line number="13" hits="2" branch="false" />
            <line number="15" hits="2" branch="false" />
            <line number="16" hits="2" branch="false" />
            <line number="18" hits="2" branch="false" />
            <line number="19" hits="2" branch="false" />
          </lines>
        </class>
        <class name="CatalogModule.Application.Products.Commands.Discontinue.ProductDiscontinueCommand" filename="/home/runner/work/ShaliShop/ShaliShop/ShaliShop/src/Modules/ProductModule/src/CatalogModule.Application/Products/Commands/Discontinue/ProductDiscontinueCommand.cs" line-rate="1" branch-rate="1" complexity="2">
          <methods>
            <method name="get_ProductId" signature="()" line-rate="1" branch-rate="1" complexity="1">
              <lines>
                <line number="4" hits="7" branch="false" />
              </lines>
            </method>
            <method name=".ctor" signature="(System.Guid)" line-rate="1" branch-rate="1" complexity="1">
              <lines>
                <line number="3" hits="4" branch="false" />
                <line number="4" hits="7" branch="false" />
                <line number="5" hits="4" branch="false" />
              </lines>
            </method>
          </methods>
          <lines>
            <line number="3" hits="4" branch="false" />
            <line number="4" hits="7" branch="false" />
            <line number="5" hits="4" branch="false" />
          </lines>
        </class>
        <class name="CatalogModule.Application.Products.Commands.Discontinue.ProductDiscontinueCommandHandler" filename="/home/runner/work/ShaliShop/ShaliShop/ShaliShop/src/Modules/ProductModule/src/CatalogModule.Application/Products/Commands/Discontinue/ProductDiscontinueCommandHandler.cs" line-rate="1" branch-rate="1" complexity="3">
          <methods>
            <method name=".ctor" signature="(CatalogModule.Domain.Products.Repository.IProductRepository,CatalogModule.Application.Abstraction.ICatalogUnitOfWork)" line-rate="1" branch-rate="1" complexity="1">
              <lines>
                <line number="6" hits="4" branch="false" />
                <line number="7" hits="4" branch="false" />
                <line number="8" hits="4" branch="false" />
                <line number="9" hits="4" branch="false" />
              </lines>
            </method>
            <method name="Handle" signature="()" line-rate="1" branch-rate="1" complexity="2">
              <lines>
                <line number="13" hits="4" branch="false" />
                <line number="14" hits="4" branch="true" condition-coverage="100% (2/2)" />
                <line number="15" hits="1" branch="false" />
                <line number="17" hits="3" branch="false" />
                <line number="19" hits="3" branch="false" />
                <line number="20" hits="3" branch="false" />
                <line number="22" hits="3" branch="false" />
                <line number="23" hits="4" branch="false" />
              </lines>
            </method>
          </methods>
          <lines>
            <line number="6" hits="4" branch="false" />
            <line number="7" hits="4" branch="false" />
            <line number="8" hits="4" branch="false" />
            <line number="9" hits="4" branch="false" />
            <line number="13" hits="4" branch="false" />
            <line number="14" hits="4" branch="true" condition-coverage="100% (2/2)" />
            <line number="15" hits="1" branch="false" />
            <line number="17" hits="3" branch="false" />
            <line number="19" hits="3" branch="false" />
            <line number="20" hits="3" branch="false" />
            <line number="22" hits="3" branch="false" />
            <line number="23" hits="4" branch="false" />
          </lines>
        </class>
        <class name="CatalogModule.Application.Products.Commands.Publish.ProductPublishCommand" filename="/home/runner/work/ShaliShop/ShaliShop/ShaliShop/src/Modules/ProductModule/src/CatalogModule.Application/Products/Commands/Publish/ProductPublishCommand.cs" line-rate="1" branch-rate="1" complexity="2">
          <methods>
            <method name="get_ProductId" signature="()" line-rate="1" branch-rate="1" complexity="1">
              <lines>
                <line number="4" hits="7" branch="false" />
              </lines>
            </method>
            <method name=".ctor" signature="(System.Guid)" line-rate="1" branch-rate="1" complexity="1">
              <lines>
                <line number="3" hits="4" branch="false" />
                <line number="4" hits="7" branch="false" />
                <line number="5" hits="4" branch="false" />
              </lines>
            </method>
          </methods>
          <lines>
            <line number="3" hits="4" branch="false" />
            <line number="4" hits="7" branch="false" />
            <line number="5" hits="4" branch="false" />
          </lines>
        </class>
        <class name="CatalogModule.Application.Products.Commands.Publish.ProductPublishCommandHandler" filename="/home/runner/work/ShaliShop/ShaliShop/ShaliShop/src/Modules/ProductModule/src/CatalogModule.Application/Products/Commands/Publish/ProductPublishCommandHandler.cs" line-rate="1" branch-rate="1" complexity="3">
          <methods>
            <method name=".ctor" signature="(CatalogModule.Domain.Products.Repository.IProductRepository,CatalogModule.Application.Abstraction.ICatalogUnitOfWork)" line-rate="1" branch-rate="1" complexity="1">
              <lines>
                <line number="6" hits="4" branch="false" />
                <line number="7" hits="4" branch="false" />
                <line number="8" hits="4" branch="false" />
                <line number="9" hits="4" branch="false" />
              </lines>
            </method>
            <method name="Handle" signature="()" line-rate="1" branch-rate="1" complexity="2">
              <lines>
                <line number="13" hits="4" branch="false" />
                <line number="14" hits="4" branch="true" condition-coverage="100% (2/2)" />
                <line number="15" hits="1" branch="false" />
                <line number="17" hits="3" branch="false" />
                <line number="19" hits="2" branch="false" />
                <line number="20" hits="2" branch="false" />
                <line number="22" hits="2" branch="false" />
                <line number="23" hits="3" branch="false" />
              </lines>
            </method>
          </methods>
          <lines>
            <line number="6" hits="4" branch="false" />
            <line number="7" hits="4" branch="false" />
            <line number="8" hits="4" branch="false" />
            <line number="9" hits="4" branch="false" />
            <line number="13" hits="4" branch="false" />
            <line number="14" hits="4" branch="true" condition-coverage="100% (2/2)" />
            <line number="15" hits="1" branch="false" />
            <line number="17" hits="3" branch="false" />
            <line number="19" hits="2" branch="false" />
            <line number="20" hits="2" branch="false" />
            <line number="22" hits="2" branch="false" />
            <line number="23" hits="3" branch="false" />
          </lines>
        </class>
        <class name="CatalogModule.Application.Products.Commands.RemoveVariant.ProductRemoveVariantCommand" filename="/home/runner/work/ShaliShop/ShaliShop/ShaliShop/src/Modules/ProductModule/src/CatalogModule.Application/Products/Commands/RemoveVariant/ProductRemoveVariantCommand.cs" line-rate="1" branch-rate="1" complexity="3">
          <methods>
            <method name="get_ProductId" signature="()" line-rate="1" branch-rate="1" complexity="1">
              <lines>
                <line number="4" hits="7" branch="false" />
              </lines>
            </method>
            <method name="get_Sku" signature="()" line-rate="1" branch-rate="1" complexity="1">
              <lines>
                <line number="5" hits="3" branch="false" />
              </lines>
            </method>
            <method name=".ctor" signature="(System.Guid,System.String)" line-rate="1" branch-rate="1" complexity="1">
              <lines>
                <line number="3" hits="4" branch="false" />
                <line number="4" hits="7" branch="false" />
                <line number="5" hits="3" branch="false" />
                <line number="6" hits="4" branch="false" />
              </lines>
            </method>
          </methods>
          <lines>
            <line number="3" hits="4" branch="false" />
            <line number="4" hits="7" branch="false" />
            <line number="5" hits="3" branch="false" />
            <line number="6" hits="4" branch="false" />
          </lines>
        </class>
        <class name="CatalogModule.Application.Products.Commands.RemoveVariant.ProductRemoveVariantCommandHandler" filename="/home/runner/work/ShaliShop/ShaliShop/ShaliShop/src/Modules/ProductModule/src/CatalogModule.Application/Products/Commands/RemoveVariant/ProductRemoveVariantCommandHandler.cs" line-rate="1" branch-rate="1" complexity="3">
          <methods>
            <method name=".ctor" signature="(CatalogModule.Domain.Products.Repository.IProductRepository,CatalogModule.Application.Abstraction.ICatalogUnitOfWork)" line-rate="1" branch-rate="1" complexity="1">
              <lines>
                <line number="6" hits="4" branch="false" />
                <line number="7" hits="4" branch="false" />
                <line number="8" hits="4" branch="false" />
                <line number="9" hits="4" branch="false" />
              </lines>
            </method>
            <method name="Handle" signature="()" line-rate="1" branch-rate="1" complexity="2">
              <lines>
                <line number="13" hits="4" branch="false" />
                <line number="14" hits="4" branch="true" condition-coverage="100% (2/2)" />
                <line number="15" hits="1" branch="false" />
                <line number="17" hits="3" branch="false" />
                <line number="19" hits="2" branch="false" />
                <line number="20" hits="2" branch="false" />
                <line number="22" hits="2" branch="false" />
                <line number="23" hits="3" branch="false" />
              </lines>
            </method>
          </methods>
          <lines>
            <line number="6" hits="4" branch="false" />
            <line number="7" hits="4" branch="false" />
            <line number="8" hits="4" branch="false" />
            <line number="9" hits="4" branch="false" />
            <line number="13" hits="4" branch="false" />
            <line number="14" hits="4" branch="true" condition-coverage="100% (2/2)" />
            <line number="15" hits="1" branch="false" />
            <line number="17" hits="3" branch="false" />
            <line number="19" hits="2" branch="false" />
            <line number="20" hits="2" branch="false" />
            <line number="22" hits="2" branch="false" />
            <line number="23" hits="3" branch="false" />
          </lines>
        </class>
        <class name="CatalogModule.Application.Products.Queries.GetAll.ProductGetAllQueryHandler" filename="/home/runner/work/ShaliShop/ShaliShop/ShaliShop/src/Modules/ProductModule/src/CatalogModule.Application/Products/Queries/GetAll/ProductGetAllQueryHandler.cs" line-rate="0" branch-rate="1" complexity="2">
          <methods>
            <method name=".ctor" signature="(CatalogModule.Application.Abstraction.Products.IProductReadRepository)" line-rate="0" branch-rate="1" complexity="1">
              <lines>
                <line number="5" hits="0" branch="false" />
              </lines>
            </method>
            <method name="Handle" signature="()" line-rate="0" branch-rate="1" complexity="1">
              <lines>
                <line number="9" hits="0" branch="false" />
                <line number="10" hits="0" branch="false" />
                <line number="11" hits="0" branch="false" />
                <line number="12" hits="0" branch="false" />
              </lines>
            </method>
          </methods>
          <lines>
            <line number="5" hits="0" branch="false" />
            <line number="9" hits="0" branch="false" />
            <line number="10" hits="0" branch="false" />
            <line number="11" hits="0" branch="false" />
            <line number="12" hits="0" branch="false" />
          </lines>
        </class>
        <class name="CatalogModule.Application.Products.Queries.GetById.ProductGetByIdQuery" filename="/home/runner/work/ShaliShop/ShaliShop/ShaliShop/src/Modules/ProductModule/src/CatalogModule.Application/Products/Queries/GetById/ProductGetByIdQuery.cs" line-rate="0" branch-rate="1" complexity="1">
          <methods>
            <method name="get_ProductId" signature="()" line-rate="0" branch-rate="1" complexity="1">
              <lines>
                <line number="5" hits="0" branch="false" />
              </lines>
            </method>
          </methods>
          <lines>
            <line number="5" hits="0" branch="false" />
          </lines>
        </class>
        <class name="CatalogModule.Application.Products.Queries.GetById.ProductGetByIdQueryHandler" filename="/home/runner/work/ShaliShop/ShaliShop/ShaliShop/src/Modules/ProductModule/src/CatalogModule.Application/Products/Queries/GetById/ProductGetAllQueryHandler.cs" line-rate="0" branch-rate="1" complexity="2">
          <methods>
            <method name=".ctor" signature="(CatalogModule.Application.Abstraction.Products.IProductReadRepository)" line-rate="0" branch-rate="1" complexity="1">
              <lines>
                <line number="5" hits="0" branch="false" />
              </lines>
            </method>
            <method name="Handle" signature="()" line-rate="0" branch-rate="1" complexity="1">
              <lines>
                <line number="9" hits="0" branch="false" />
                <line number="10" hits="0" branch="false" />
                <line number="11" hits="0" branch="false" />
              </lines>
            </method>
          </methods>
          <lines>
            <line number="5" hits="0" branch="false" />
            <line number="9" hits="0" branch="false" />
            <line number="10" hits="0" branch="false" />
            <line number="11" hits="0" branch="false" />
          </lines>
        </class>
      </classes>
    </package>
    <package name="CatalogModule.Application.Abstraction" line-rate="0" branch-rate="1" complexity="7">
      <classes>
        <class name="CatalogModule.Application.Abstraction.Products.ProductDto" filename="/home/runner/work/ShaliShop/ShaliShop/ShaliShop/src/Modules/ProductModule/src/CatalogModule.Application.Abstraction/Products/ProductDto.cs" line-rate="0" branch-rate="1" complexity="7">
          <methods>
            <method name="get_Id" signature="()" line-rate="0" branch-rate="1" complexity="1">
              <lines>
                <line number="4" hits="0" branch="false" />
              </lines>
            </method>
            <method name="get_Name" signature="()" line-rate="0" branch-rate="1" complexity="1">
              <lines>
                <line number="5" hits="0" branch="false" />
              </lines>
            </method>
            <method name="get_Description" signature="()" line-rate="0" branch-rate="1" complexity="1">
              <lines>
                <line number="6" hits="0" branch="false" />
              </lines>
            </method>
            <method name="get_Price" signature="()" line-rate="0" branch-rate="1" complexity="1">
              <lines>
                <line number="7" hits="0" branch="false" />
              </lines>
            </method>
            <method name="get_IsPublished" signature="()" line-rate="0" branch-rate="1" complexity="1">
              <lines>
                <line number="8" hits="0" branch="false" />
              </lines>
            </method>
            <method name="get_IsDiscontinued" signature="()" line-rate="0" branch-rate="1" complexity="1">
              <lines>
                <line number="9" hits="0" branch="false" />
              </lines>
            </method>
            <method name=".ctor" signature="(System.Guid,System.String,System.String,System.Decimal,System.Boolean,System.Boolean)" line-rate="0" branch-rate="1" complexity="1">
              <lines>
                <line number="3" hits="0" branch="false" />
              </lines>
            </method>
          </methods>
          <lines>
            <line number="3" hits="0" branch="false" />
            <line number="4" hits="0" branch="false" />
            <line number="5" hits="0" branch="false" />
            <line number="6" hits="0" branch="false" />
            <line number="7" hits="0" branch="false" />
            <line number="8" hits="0" branch="false" />
            <line number="9" hits="0" branch="false" />
          </lines>
        </class>
      </classes>
    </package>
    <package name="CatalogModule.Domain" line-rate="0.8488372093023255" branch-rate="0.6818181818181818" complexity="53">
      <classes>
        <class name="CatalogModule.Domain.Products.Aggregates.Product" filename="/home/runner/work/ShaliShop/ShaliShop/ShaliShop/src/Modules/ProductModule/src/CatalogModule.Domain/Products/Aggregates/Product.cs" line-rate="0.875" branch-rate="0.75" complexity="28">
          <methods>
            <method name="get_Name" signature="()" line-rate="1" branch-rate="1" complexity="1">
              <lines>
                <line number="11" hits="59" branch="false" />
              </lines>
            </method>
            <method name="get_Description" signature="()" line-rate="1" branch-rate="1" complexity="1">
              <lines>
                <line number="12" hits="27" branch="false" />
              </lines>
            </method>
            <method name="get_Category" signature="()" line-rate="1" branch-rate="1" complexity="1">
              <lines>
                <line number="13" hits="54" branch="false" />
              </lines>
            </method>
            <method name="get_Price" signature="()" line-rate="1" branch-rate="1" complexity="1">
              <lines>
                <line number="19" hits="40" branch="false" />
              </lines>
            </method>
            <method name="get_IsPublished" signature="()" line-rate="1" branch-rate="1" complexity="1">
              <lines>
                <line number="20" hits="38" branch="false" />
              </lines>
            </method>
            <method name="get_PublishedAt" signature="()" line-rate="1" branch-rate="1" complexity="1">
              <lines>
                <line number="21" hits="5" branch="false" />
              </lines>
            </method>
            <method name="get_IsDiscontinued" signature="()" line-rate="1" branch-rate="1" complexity="1">
              <lines>
                <line number="22" hits="40" branch="false" />
              </lines>
            </method>
            <method name="Publish" signature="()" line-rate="1" branch-rate="1" complexity="4">
              <lines>
                <line number="26" hits="5" branch="true" condition-coverage="100% (4/4)" />
                <line number="27" hits="2" branch="false" />
                <line number="29" hits="3" branch="false" />
                <line number="31" hits="3" branch="false" />
                <line number="32" hits="3" branch="false" />
                <line number="34" hits="3" branch="false" />
                <line number="35" hits="3" branch="false" />
              </lines>
            </method>
            <method name="ChangePrice" signature="(SharedModule.Domain.ValueObjects.Money)" line-rate="1" branch-rate="1" complexity="2">
              <lines>
                <line number="39" hits="4" branch="true" condition-coverage="100% (2/2)" />
                <line number="40" hits="1" branch="false" />
                <line number="42" hits="3" branch="false" />
                <line number="44" hits="3" branch="false" />
                <line number="45" hits="3" branch="false" />
              </lines>
            </method>
            <method name="Discontinue" signature="()" line-rate="1" branch-rate="1" complexity="2">
              <lines>
                <line number="49" hits="5" branch="true" condition-coverage="100% (2/2)" />
                <line number="50" hits="1" branch="false" />
                <line number="52" hits="4" branch="false" />
                <line number="53" hits="4" branch="false" />
                <line number="55" hits="4" branch="false" />
                <line number="56" hits="4" branch="false" />
              </lines>
            </method>
            <method name="get_Variants" signature="()" line-rate="1" branch-rate="1" complexity="1">
              <lines>
                <line number="65" hits="5" branch="false" />
              </lines>
            </method>
            <method name="AddVariant" signature="(CatalogModule.Domain.Products.Aggregates.ProductVariant)" line-rate="1" branch-rate="1" complexity="2">
              <lines>
                <line number="69" hits="12" branch="true" condition-coverage="100% (2/2)" />
                <line number="70" hits="2" branch="false" />
                <line number="72" hits="8" branch="false" />
                <line number="73" hits="8" branch="false" />
                <line number="74" hits="8" branch="false" />
              </lines>
            </method>
            <method name="RemoveVariant" signature="(System.String)" line-rate="1" branch-rate="1" complexity="2">
              <lines>
                <line number="78" hits="8" branch="false" />
                <line number="79" hits="5" branch="true" condition-coverage="100% (2/2)" />
                <line number="80" hits="2" branch="false" />
                <line number="82" hits="3" branch="false" />
                <line number="84" hits="3" branch="false" />
                <line number="85" hits="3" branch="false" />
              </lines>
            </method>
            <method name="GetPriceForSku" signature="(System.String)" line-rate="0" branch-rate="0" complexity="4">
              <lines>
                <line number="89" hits="0" branch="false" />
                <line number="90" hits="0" branch="true" condition-coverage="0% (0/2)" />
                <line number="91" hits="0" branch="false" />
                <line number="93" hits="0" branch="true" condition-coverage="0% (0/2)" />
              </lines>
            </method>
            <method name="GetVariantBySku" signature="(System.String)" line-rate="0" branch-rate="1" complexity="1">
              <lines>
                <line number="97" hits="0" branch="false" />
              </lines>
            </method>
            <method name="Create" signature="(System.String,System.String,SharedModule.Domain.ValueObjects.Money,System.String)" line-rate="1" branch-rate="1" complexity="1">
              <lines>
                <line number="121" hits="26" branch="false" />
                <line number="122" hits="26" branch="false" />
              </lines>
            </method>
            <method name=".ctor" signature="()" line-rate="0.65" branch-rate="0.5" complexity="1">
              <lines>
                <line number="64" hits="26" branch="false" />
                <line number="65" hits="5" branch="false" />
                <line number="69" hits="12" branch="true" condition-coverage="100% (2/2)" />
                <line number="70" hits="2" branch="false" />
                <line number="72" hits="8" branch="false" />
                <line number="73" hits="8" branch="false" />
                <line number="74" hits="8" branch="false" />
                <line number="78" hits="8" branch="false" />
                <line number="79" hits="5" branch="true" condition-coverage="100% (2/2)" />
                <line number="80" hits="2" branch="false" />
                <line number="82" hits="3" branch="false" />
                <line number="84" hits="3" branch="false" />
                <line number="85" hits="3" branch="false" />
                <line number="89" hits="0" branch="false" />
                <line number="90" hits="0" branch="true" condition-coverage="0% (0/2)" />
                <line number="91" hits="0" branch="false" />
                <line number="93" hits="0" branch="true" condition-coverage="0% (0/2)" />
                <line number="97" hits="0" branch="false" />
                <line number="103" hits="0" branch="false" />
                <line number="105" hits="0" branch="false" />
              </lines>
            </method>
            <method name=".ctor" signature="(System.String,System.String,SharedModule.Domain.ValueObjects.Money,System.String)" line-rate="1" branch-rate="1" complexity="1">
              <lines>
                <line number="107" hits="26" branch="false" />
                <line number="109" hits="26" branch="false" />
                <line number="110" hits="26" branch="false" />
                <line number="111" hits="26" branch="false" />
                <line number="112" hits="26" branch="false" />
                <line number="113" hits="26" branch="false" />
                <line number="114" hits="26" branch="false" />
                <line number="116" hits="26" branch="false" />
                <line number="117" hits="26" branch="false" />
              </lines>
            </method>
          </methods>
          <lines>
            <line number="11" hits="59" branch="false" />
            <line number="12" hits="27" branch="false" />
            <line number="13" hits="54" branch="false" />
            <line number="19" hits="40" branch="false" />
            <line number="20" hits="38" branch="false" />
            <line number="21" hits="5" branch="false" />
            <line number="22" hits="40" branch="false" />
            <line number="26" hits="5" branch="true" condition-coverage="100% (4/4)" />
            <line number="27" hits="2" branch="false" />
            <line number="29" hits="3" branch="false" />
            <line number="31" hits="3" branch="false" />
            <line number="32" hits="3" branch="false" />
            <line number="34" hits="3" branch="false" />
            <line number="35" hits="3" branch="false" />
            <line number="39" hits="4" branch="true" condition-coverage="100% (2/2)" />
            <line number="40" hits="1" branch="false" />
            <line number="42" hits="3" branch="false" />
            <line number="44" hits="3" branch="false" />
            <line number="45" hits="3" branch="false" />
            <line number="49" hits="5" branch="true" condition-coverage="100% (2/2)" />
            <line number="50" hits="1" branch="false" />
            <line number="52" hits="4" branch="false" />
            <line number="53" hits="4" branch="false" />
            <line number="55" hits="4" branch="false" />
            <line number="56" hits="4" branch="false" />
            <line number="64" hits="26" branch="false" />
            <line number="65" hits="5" branch="false" />
            <line number="69" hits="12" branch="true" condition-coverage="100% (2/2)" />
            <line number="70" hits="2" branch="false" />
            <line number="72" hits="8" branch="false" />
            <line number="73" hits="8" branch="false" />
            <line number="74" hits="8" branch="false" />
            <line number="78" hits="8" branch="false" />
            <line number="79" hits="5" branch="true" condition-coverage="100% (2/2)" />
            <line number="80" hits="2" branch="false" />
            <line number="82" hits="3" branch="false" />
            <line number="84" hits="3" branch="false" />
            <line number="85" hits="3" branch="false" />
            <line number="89" hits="0" branch="false" />
            <line number="90" hits="0" branch="true" condition-coverage="0% (0/2)" />
            <line number="91" hits="0" branch="false" />
            <line number="93" hits="0" branch="true" condition-coverage="0% (0/2)" />
            <line number="97" hits="0" branch="false" />
            <line number="103" hits="0" branch="false" />
            <line number="105" hits="0" branch="false" />
            <line number="107" hits="26" branch="false" />
            <line number="109" hits="26" branch="false" />
            <line number="110" hits="26" branch="false" />
            <line number="111" hits="26" branch="false" />
            <line number="112" hits="26" branch="false" />
            <line number="113" hits="26" branch="false" />
            <line number="114" hits="26" branch="false" />
            <line number="116" hits="26" branch="false" />
            <line number="117" hits="26" branch="false" />
            <line number="121" hits="26" branch="false" />
            <line number="122" hits="26" branch="false" />
          </lines>
        </class>
        <class name="CatalogModule.Domain.Products.Aggregates.ProductVariant" filename="/home/runner/work/ShaliShop/ShaliShop/ShaliShop/src/Modules/ProductModule/src/CatalogModule.Domain/Products/Aggregates/ProductVariant.cs" line-rate="0.6666666666666666" branch-rate="0.5" complexity="10">
          <methods>
            <method name="get_Sku" signature="()" line-rate="1" branch-rate="1" complexity="1">
              <lines>
                <line number="8" hits="29" branch="false" />
              </lines>
            </method>
            <method name="get_Options" signature="()" line-rate="0" branch-rate="1" complexity="1">
              <lines>
                <line number="11" hits="0" branch="false" />
              </lines>
            </method>
            <method name="get_PriceOverride" signature="()" line-rate="1" branch-rate="1" complexity="1">
              <lines>
                <line number="13" hits="10" branch="false" />
              </lines>
            </method>
            <method name=".ctor" signature="()" line-rate="0.4" branch-rate="1" complexity="1">
              <lines>
                <line number="10" hits="10" branch="false" />
                <line number="11" hits="0" branch="false" />
                <line number="13" hits="10" branch="false" />
                <line number="15" hits="0" branch="false" />
                <line number="17" hits="0" branch="false" />
              </lines>
            </method>
            <method name=".ctor" signature="(System.String,System.Collections.Generic.Dictionary`2&lt;System.String,System.String&gt;,SharedModule.Domain.ValueObjects.Money)" line-rate="0.7777777777777778" branch-rate="0.5" complexity="6">
              <lines>
                <line number="19" hits="10" branch="false" />
                <line number="21" hits="10" branch="true" condition-coverage="50% (1/2)" />
                <line number="22" hits="0" branch="false" />
                <line number="24" hits="10" branch="true" condition-coverage="50% (2/4)" />
                <line number="25" hits="0" branch="false" />
                <line number="27" hits="10" branch="false" />
                <line number="28" hits="10" branch="false" />
                <line number="29" hits="10" branch="false" />
                <line number="30" hits="10" branch="false" />
              </lines>
            </method>
          </methods>
          <lines>
            <line number="8" hits="29" branch="false" />
            <line number="10" hits="10" branch="false" />
            <line number="11" hits="0" branch="false" />
            <line number="13" hits="10" branch="false" />
            <line number="15" hits="0" branch="false" />
            <line number="17" hits="0" branch="false" />
            <line number="19" hits="10" branch="false" />
            <line number="21" hits="10" branch="true" condition-coverage="50% (1/2)" />
            <line number="22" hits="0" branch="false" />
            <line number="24" hits="10" branch="true" condition-coverage="50% (2/4)" />
            <line number="25" hits="0" branch="false" />
            <line number="27" hits="10" branch="false" />
            <line number="28" hits="10" branch="false" />
            <line number="29" hits="10" branch="false" />
            <line number="30" hits="10" branch="false" />
          </lines>
        </class>
        <class name="CatalogModule.Domain.Products.DomainEvents.ProductCreated" filename="/home/runner/work/ShaliShop/ShaliShop/ShaliShop/src/Modules/ProductModule/src/CatalogModule.Domain/Products/DomainEvents/ProductCreated.cs" line-rate="1" branch-rate="1" complexity="3">
          <methods>
            <method name="get_Name" signature="()" line-rate="1" branch-rate="1" complexity="1">
              <lines>
                <line number="5" hits="2" branch="false" />
              </lines>
            </method>
            <method name="get_Category" signature="()" line-rate="1" branch-rate="1" complexity="1">
              <lines>
                <line number="6" hits="2" branch="false" />
              </lines>
            </method>
            <method name=".ctor" signature="(System.Guid,System.String,System.String)" line-rate="1" branch-rate="1" complexity="1">
              <lines>
                <line number="7" hits="26" branch="false" />
              </lines>
            </method>
          </methods>
          <lines>
            <line number="5" hits="2" branch="false" />
            <line number="6" hits="2" branch="false" />
            <line number="7" hits="26" branch="false" />
          </lines>
        </class>
        <class name="CatalogModule.Domain.Products.DomainEvents.ProductDiscontinued" filename="/home/runner/work/ShaliShop/ShaliShop/ShaliShop/src/Modules/ProductModule/src/CatalogModule.Domain/Products/DomainEvents/ProductDiscontinued.cs" line-rate="1" branch-rate="1" complexity="1">
          <methods>
            <method name=".ctor" signature="(System.Guid)" line-rate="1" branch-rate="1" complexity="1">
              <lines>
                <line number="5" hits="4" branch="false" />
              </lines>
            </method>
          </methods>
          <lines>
            <line number="5" hits="4" branch="false" />
          </lines>
        </class>
        <class name="CatalogModule.Domain.Products.DomainEvents.ProductPriceChanged" filename="/home/runner/work/ShaliShop/ShaliShop/ShaliShop/src/Modules/ProductModule/src/CatalogModule.Domain/Products/DomainEvents/ProductPriceChanged.cs" line-rate="1" branch-rate="1" complexity="2">
          <methods>
            <method name="get_NewPrice" signature="()" line-rate="1" branch-rate="1" complexity="1">
              <lines>
                <line number="5" hits="2" branch="false" />
              </lines>
            </method>
            <method name=".ctor" signature="(System.Guid,SharedModule.Domain.ValueObjects.Money)" line-rate="1" branch-rate="1" complexity="1">
              <lines>
                <line number="6" hits="3" branch="false" />
              </lines>
            </method>
          </methods>
          <lines>
            <line number="5" hits="2" branch="false" />
            <line number="6" hits="3" branch="false" />
          </lines>
        </class>
        <class name="CatalogModule.Domain.Products.DomainEvents.ProductPublished" filename="/home/runner/work/ShaliShop/ShaliShop/ShaliShop/src/Modules/ProductModule/src/CatalogModule.Domain/Products/DomainEvents/ProductPublished.cs" line-rate="1" branch-rate="1" complexity="1">
          <methods>
            <method name=".ctor" signature="(System.Guid)" line-rate="1" branch-rate="1" complexity="1">
              <lines>
                <line number="5" hits="3" branch="false" />
              </lines>
            </method>
          </methods>
          <lines>
            <line number="5" hits="3" branch="false" />
          </lines>
        </class>
        <class name="CatalogModule.Domain.Products.DomainEvents.ProductVariantAdded" filename="/home/runner/work/ShaliShop/ShaliShop/ShaliShop/src/Modules/ProductModule/src/CatalogModule.Domain/Products/DomainEvents/ProductVariantAdded.cs" line-rate="1" branch-rate="1" complexity="1">
          <methods>
            <method name="get_Sku" signature="()" line-rate="1" branch-rate="1" complexity="1">
              <lines>
                <line number="3" hits="10" branch="false" />
              </lines>
            </method>
          </methods>
          <lines>
            <line number="3" hits="10" branch="false" />
          </lines>
        </class>
        <class name="CatalogModule.Domain.Products.DomainEvents.ProductVariantRemoved" filename="/home/runner/work/ShaliShop/ShaliShop/ShaliShop/src/Modules/ProductModule/src/CatalogModule.Domain/Products/DomainEvents/ProductVariantRemoved.cs" line-rate="1" branch-rate="1" complexity="1">
          <methods>
            <method name="get_Sku" signature="()" line-rate="1" branch-rate="1" complexity="1">
              <lines>
                <line number="3" hits="5" branch="false" />
              </lines>
            </method>
          </methods>
          <lines>
            <line number="3" hits="5" branch="false" />
          </lines>
        </class>
        <class name="CatalogModule.Domain.Products.Exceptions.AtLeastOneOptionIsRequiredException" filename="/home/runner/work/ShaliShop/ShaliShop/ShaliShop/src/Modules/ProductModule/src/CatalogModule.Domain/Products/Exceptions/AtLeastOneOptionIsRequiredException.cs" line-rate="0" branch-rate="1" complexity="1">
          <methods>
            <method name=".ctor" signature="()" line-rate="0" branch-rate="1" complexity="1">
              <lines>
                <line number="3" hits="0" branch="false" />
              </lines>
            </method>
          </methods>
          <lines>
            <line number="3" hits="0" branch="false" />
          </lines>
        </class>
        <class name="CatalogModule.Domain.Products.Exceptions.CannotPublishWithoutNameAndPrice" filename="/home/runner/work/ShaliShop/ShaliShop/ShaliShop/src/Modules/ProductModule/src/CatalogModule.Domain/Products/Exceptions/CannotPublishWithoutNameAndPrice.cs" line-rate="1" branch-rate="1" complexity="1">
          <methods>
            <method name=".ctor" signature="()" line-rate="1" branch-rate="1" complexity="1">
              <lines>
                <line number="3" hits="2" branch="false" />
              </lines>
            </method>
          </methods>
          <lines>
            <line number="3" hits="2" branch="false" />
          </lines>
        </class>
        <class name="CatalogModule.Domain.Products.Exceptions.DiscontinuedProductsCannotBePublishedException" filename="/home/runner/work/ShaliShop/ShaliShop/ShaliShop/src/Modules/ProductModule/src/CatalogModule.Domain/Products/Exceptions/DiscontinuedProductsCannotBePublishedException.cs" line-rate="1" branch-rate="1" complexity="2">
          <methods>
            <method name="IsBroken" signature="()" line-rate="1" branch-rate="1" complexity="1">
              <lines>
                <line number="7" hits="3" branch="false" />
              </lines>
            </method>
            <method name=".ctor" signature="(System.Boolean)" line-rate="1" branch-rate="1" complexity="1">
              <lines>
                <line number="3" hits="3" branch="false" />
              </lines>
            </method>
          </methods>
          <lines>
            <line number="3" hits="3" branch="false" />
            <line number="7" hits="3" branch="false" />
          </lines>
        </class>
        <class name="CatalogModule.Domain.Products.Rules.DuplicateVariantException" filename="/home/runner/work/ShaliShop/ShaliShop/ShaliShop/src/Modules/ProductModule/src/CatalogModule.Domain/Products/Rules/DuplicateVariantException.cs" line-rate="1" branch-rate="1" complexity="1">
          <methods>
            <method name=".ctor" signature="()" line-rate="1" branch-rate="1" complexity="1">
              <lines>
                <line number="3" hits="2" branch="false" />
              </lines>
            </method>
          </methods>
          <lines>
            <line number="3" hits="2" branch="false" />
          </lines>
        </class>
        <class name="CatalogModule.Domain.Products.Rules.VariantNotFoundException" filename="/home/runner/work/ShaliShop/ShaliShop/ShaliShop/src/Modules/ProductModule/src/CatalogModule.Domain/Products/Rules/CartMustHaveAtLeastOneItem.cs" line-rate="1" branch-rate="1" complexity="1">
          <methods>
            <method name=".ctor" signature="(System.String)" line-rate="1" branch-rate="1" complexity="1">
              <lines>
                <line number="5" hits="2" branch="false" />
              </lines>
            </method>
          </methods>
          <lines>
            <line number="5" hits="2" branch="false" />
          </lines>
        </class>
      </classes>
    </package>
    <package name="CheckoutModule.Application" line-rate="0.9595959595959596" branch-rate="0.9" complexity="41">
      <classes>
        <class name="CheckoutModule.Application.Carts.Commands.AddItem.CartAddItemCommand" filename="/home/runner/work/ShaliShop/ShaliShop/ShaliShop/src/Modules/CheckoutModule/src/CheckoutModule.Application/Carts/Commands/AddItem/CartAddItemCommand.cs" line-rate="1" branch-rate="1" complexity="1">
          <methods>
            <method name="get_CartId" signature="()" line-rate="1" branch-rate="1" complexity="1">
              <lines>
                <line number="3" hits="8" branch="false" />
              </lines>
            </method>
          </methods>
          <lines>
            <line number="3" hits="8" branch="false" />
          </lines>
        </class>
        <class name="CheckoutModule.Application.Carts.Commands.AddItem.CartAddItemCommandHandler" filename="/home/runner/work/ShaliShop/ShaliShop/ShaliShop/src/Modules/CheckoutModule/src/CheckoutModule.Application/Carts/Commands/AddItem/CartAddItemCommandHandler.cs" line-rate="1" branch-rate="1" complexity="3">
          <methods>
            <method name=".ctor" signature="(CheckoutModule.Domain.Carts.Repository.ICartRepository,CheckoutModule.Application.Abstraction.ICheckoutUnitOfWork)" line-rate="1" branch-rate="1" complexity="1">
              <lines>
                <line number="7" hits="2" branch="false" />
                <line number="8" hits="2" branch="false" />
                <line number="9" hits="2" branch="false" />
                <line number="10" hits="2" branch="false" />
              </lines>
            </method>
            <method name="Handle" signature="()" line-rate="1" branch-rate="1" complexity="2">
              <lines>
                <line number="14" hits="2" branch="false" />
                <line number="15" hits="2" branch="true" condition-coverage="100% (2/2)" />
                <line number="16" hits="1" branch="false" />
                <line number="18" hits="1" branch="false" />
                <line number="19" hits="1" branch="false" />
                <line number="20" hits="1" branch="false" />
                <line number="21" hits="1" branch="false" />
                <line number="22" hits="2" branch="false" />
              </lines>
            </method>
          </methods>
          <lines>
            <line number="7" hits="2" branch="false" />
            <line number="8" hits="2" branch="false" />
            <line number="9" hits="2" branch="false" />
            <line number="10" hits="2" branch="false" />
            <line number="14" hits="2" branch="false" />
            <line number="15" hits="2" branch="true" condition-coverage="100% (2/2)" />
            <line number="16" hits="1" branch="false" />
            <line number="18" hits="1" branch="false" />
            <line number="19" hits="1" branch="false" />
            <line number="20" hits="1" branch="false" />
            <line number="21" hits="1" branch="false" />
            <line number="22" hits="2" branch="false" />
          </lines>
        </class>
        <class name="CheckoutModule.Application.Carts.Commands.Checkout.CartCheckoutCommand" filename="/home/runner/work/ShaliShop/ShaliShop/ShaliShop/src/Modules/CheckoutModule/src/CheckoutModule.Application/Carts/Commands/Checkout/CartCheckoutCommand.cs" line-rate="1" branch-rate="1" complexity="1">
          <methods>
            <method name="get_CartId" signature="()" line-rate="1" branch-rate="1" complexity="1">
              <lines>
                <line number="5" hits="8" branch="false" />
              </lines>
            </method>
          </methods>
          <lines>
            <line number="5" hits="8" branch="false" />
          </lines>
        </class>
        <class name="CheckoutModule.Application.Carts.Commands.Checkout.CartCheckoutCommandHandler" filename="/home/runner/work/ShaliShop/ShaliShop/ShaliShop/src/Modules/CheckoutModule/src/CheckoutModule.Application/Carts/Commands/Checkout/CartCheckoutCommandHandler.cs" line-rate="0.967741935483871" branch-rate="0.875" complexity="9">
          <methods>
            <method name=".ctor" signature="(CheckoutModule.Domain.Carts.Repository.ICartRepository,InventoryModule.Domain.Inventories.Repository.IInventoryRepository,OrderModule.Application.Abstraction.IOrderFactory,OrderModule.Domain.Orders.Repository.IOrderRepository,Shared.Application.Messaging.IIntegrationEventPublisher,CheckoutModule.Application.Abstraction.ICheckoutUnitOfWork,OrderModule.Application.Abstraction.IOrderUnitOfWork)" line-rate="1" branch-rate="1" complexity="1">
              <lines>
                <line number="11" hits="3" branch="false" />
                <line number="12" hits="3" branch="false" />
                <line number="13" hits="3" branch="false" />
                <line number="14" hits="3" branch="false" />
                <line number="15" hits="3" branch="false" />
                <line number="16" hits="3" branch="false" />
                <line number="17" hits="3" branch="false" />
                <line number="18" hits="3" branch="false" />
                <line number="19" hits="3" branch="false" />
              </lines>
            </method>
            <method name="Handle" signature="()" line-rate="0.9545454545454546" branch-rate="0.875" complexity="8">
              <lines>
                <line number="24" hits="3" branch="false" />
                <line number="25" hits="3" branch="true" condition-coverage="100% (4/4)" />
                <line number="26" hits="1" branch="false" />
                <line number="29" hits="8" branch="true" condition-coverage="100% (2/2)" />
                <line number="31" hits="2" branch="false" />
                <line number="32" hits="2" branch="true" condition-coverage="50% (1/2)" />
                <line number="33" hits="0" branch="false" />
                <line number="34" hits="2" branch="false" />
                <line number="37" hits="2" branch="false" />
                <line number="38" hits="2" branch="false" />
                <line number="39" hits="2" branch="false" />
                <line number="40" hits="2" branch="false" />
                <line number="43" hits="2" branch="false" />
                <line number="44" hits="2" branch="false" />
                <line number="47" hits="2" branch="false" />
                <line number="48" hits="2" branch="false" />
                <line number="50" hits="2" branch="false" />
                <line number="51" hits="2" branch="false" />
                <line number="52" hits="3" branch="false" />
                <line number="54" hits="1" branch="false" />
                <line number="56" hits="1" branch="false" />
                <line number="57" hits="2" branch="false" />
              </lines>
            </method>
          </methods>
          <lines>
            <line number="11" hits="3" branch="false" />
            <line number="12" hits="3" branch="false" />
            <line number="13" hits="3" branch="false" />
            <line number="14" hits="3" branch="false" />
            <line number="15" hits="3" branch="false" />
            <line number="16" hits="3" branch="false" />
            <line number="17" hits="3" branch="false" />
            <line number="18" hits="3" branch="false" />
            <line number="19" hits="3" branch="false" />
            <line number="24" hits="3" branch="false" />
            <line number="25" hits="3" branch="true" condition-coverage="100% (4/4)" />
            <line number="26" hits="1" branch="false" />
            <line number="29" hits="8" branch="true" condition-coverage="100% (2/2)" />
            <line number="31" hits="2" branch="false" />
            <line number="32" hits="2" branch="true" condition-coverage="50% (1/2)" />
            <line number="33" hits="0" branch="false" />
            <line number="34" hits="2" branch="false" />
            <line number="37" hits="2" branch="false" />
            <line number="38" hits="2" branch="false" />
            <line number="39" hits="2" branch="false" />
            <line number="40" hits="2" branch="false" />
            <line number="43" hits="2" branch="false" />
            <line number="44" hits="2" branch="false" />
            <line number="47" hits="2" branch="false" />
            <line number="48" hits="2" branch="false" />
            <line number="50" hits="2" branch="false" />
            <line number="51" hits="2" branch="false" />
            <line number="52" hits="3" branch="false" />
            <line number="54" hits="1" branch="false" />
            <line number="56" hits="1" branch="false" />
            <line number="57" hits="2" branch="false" />
          </lines>
        </class>
        <class name="CheckoutModule.Application.Carts.Commands.Checkout.CartCheckoutResult" filename="/home/runner/work/ShaliShop/ShaliShop/ShaliShop/src/Modules/CheckoutModule/src/CheckoutModule.Application/Carts/Commands/Checkout/CartCheckoutResult.cs" line-rate="1" branch-rate="1" complexity="1">
          <methods>
            <method name="get_OrderId" signature="()" line-rate="1" branch-rate="1" complexity="1">
              <lines>
                <line number="5" hits="3" branch="false" />
              </lines>
            </method>
          </methods>
          <lines>
            <line number="5" hits="3" branch="false" />
          </lines>
        </class>
        <class name="CheckoutModule.Application.Carts.Commands.Clear.CartClearCommand" filename="/home/runner/work/ShaliShop/ShaliShop/ShaliShop/src/Modules/CheckoutModule/src/CheckoutModule.Application/Carts/Commands/Clear/CartClearCommand.cs" line-rate="1" branch-rate="1" complexity="1">
          <methods>
            <method name="get_CartId" signature="()" line-rate="1" branch-rate="1" complexity="1">
              <lines>
                <line number="3" hits="4" branch="false" />
              </lines>
            </method>
          </methods>
          <lines>
            <line number="3" hits="4" branch="false" />
          </lines>
        </class>
        <class name="CheckoutModule.Application.Carts.Commands.Clear.CartClearCommandHandler" filename="/home/runner/work/ShaliShop/ShaliShop/ShaliShop/src/Modules/CheckoutModule/src/CheckoutModule.Application/Carts/Commands/Clear/CartClearCommandHandler.cs" line-rate="1" branch-rate="1" complexity="3">
          <methods>
            <method name=".ctor" signature="(CheckoutModule.Domain.Carts.Repository.ICartRepository,CheckoutModule.Application.Abstraction.ICheckoutUnitOfWork)" line-rate="1" branch-rate="1" complexity="1">
              <lines>
                <line number="6" hits="2" branch="false" />
                <line number="7" hits="2" branch="false" />
                <line number="8" hits="2" branch="false" />
                <line number="9" hits="2" branch="false" />
              </lines>
            </method>
            <method name="Handle" signature="()" line-rate="1" branch-rate="1" complexity="2">
              <lines>
                <line number="13" hits="2" branch="false" />
                <line number="14" hits="2" branch="true" condition-coverage="100% (2/2)" />
                <line number="15" hits="1" branch="false" />
                <line number="17" hits="1" branch="false" />
                <line number="18" hits="1" branch="false" />
                <line number="19" hits="1" branch="false" />
                <line number="20" hits="1" branch="false" />
                <line number="21" hits="2" branch="false" />
              </lines>
            </method>
          </methods>
          <lines>
            <line number="6" hits="2" branch="false" />
            <line number="7" hits="2" branch="false" />
            <line number="8" hits="2" branch="false" />
            <line number="9" hits="2" branch="false" />
            <line number="13" hits="2" branch="false" />
            <line number="14" hits="2" branch="true" condition-coverage="100% (2/2)" />
            <line number="15" hits="1" branch="false" />
            <line number="17" hits="1" branch="false" />
            <line number="18" hits="1" branch="false" />
            <line number="19" hits="1" branch="false" />
            <line number="20" hits="1" branch="false" />
            <line number="21" hits="2" branch="false" />
          </lines>
        </class>
        <class name="CheckoutModule.Application.Carts.Commands.RemoveItem.CartRemoveItemCommand" filename="/home/runner/work/ShaliShop/ShaliShop/ShaliShop/src/Modules/CheckoutModule/src/CheckoutModule.Application/Carts/Commands/RemoveItem/CartRemoveItemCommand.cs" line-rate="1" branch-rate="1" complexity="1">
          <methods>
            <method name="get_CartId" signature="()" line-rate="1" branch-rate="1" complexity="1">
              <lines>
                <line number="3" hits="7" branch="false" />
              </lines>
            </method>
          </methods>
          <lines>
            <line number="3" hits="7" branch="false" />
          </lines>
        </class>
        <class name="CheckoutModule.Application.Carts.Commands.RemoveItem.CartRemoveItemCommandHandler" filename="/home/runner/work/ShaliShop/ShaliShop/ShaliShop/src/Modules/CheckoutModule/src/CheckoutModule.Application/Carts/Commands/RemoveItem/CartRemoveItemCommandHandler.cs" line-rate="1" branch-rate="1" complexity="5">
          <methods>
            <method name=".ctor" signature="(CheckoutModule.Domain.Carts.Repository.ICartRepository,CheckoutModule.Application.Abstraction.ICheckoutUnitOfWork)" line-rate="1" branch-rate="1" complexity="1">
              <lines>
                <line number="6" hits="3" branch="false" />
                <line number="7" hits="3" branch="false" />
                <line number="8" hits="3" branch="false" />
                <line number="9" hits="3" branch="false" />
              </lines>
            </method>
            <method name="Handle" signature="()" line-rate="1" branch-rate="1" complexity="4">
              <lines>
                <line number="13" hits="3" branch="false" />
                <line number="14" hits="3" branch="true" condition-coverage="100% (2/2)" />
                <line number="15" hits="1" branch="false" />
                <line number="16" hits="2" branch="true" condition-coverage="100% (2/2)" />
                <line number="17" hits="1" branch="false" />
                <line number="19" hits="1" branch="false" />
                <line number="20" hits="1" branch="false" />
                <line number="21" hits="1" branch="false" />
                <line number="22" hits="1" branch="false" />
                <line number="23" hits="3" branch="false" />
              </lines>
            </method>
          </methods>
          <lines>
            <line number="6" hits="3" branch="false" />
            <line number="7" hits="3" branch="false" />
            <line number="8" hits="3" branch="false" />
            <line number="9" hits="3" branch="false" />
            <line number="13" hits="3" branch="false" />
            <line number="14" hits="3" branch="true" condition-coverage="100% (2/2)" />
            <line number="15" hits="1" branch="false" />
            <line number="16" hits="2" branch="true" condition-coverage="100% (2/2)" />
            <line number="17" hits="1" branch="false" />
            <line number="19" hits="1" branch="false" />
            <line number="20" hits="1" branch="false" />
            <line number="21" hits="1" branch="false" />
            <line number="22" hits="1" branch="false" />
            <line number="23" hits="3" branch="false" />
          </lines>
        </class>
        <class name="CheckoutModule.Application.Carts.Commands.UpdateItem.CartUpdateItemCommand" filename="/home/runner/work/ShaliShop/ShaliShop/ShaliShop/src/Modules/CheckoutModule/src/CheckoutModule.Application/Carts/Commands/UpdateItem/CartUpdateItemCommand.cs" line-rate="1" branch-rate="1" complexity="1">
          <methods>
            <method name="get_CartId" signature="()" line-rate="1" branch-rate="1" complexity="1">
              <lines>
                <line number="3" hits="6" branch="false" />
              </lines>
            </method>
          </methods>
          <lines>
            <line number="3" hits="6" branch="false" />
          </lines>
        </class>
        <class name="CheckoutModule.Application.Carts.Commands.UpdateItem.CartUpdateItemCommandHandler" filename="/home/runner/work/ShaliShop/ShaliShop/ShaliShop/src/Modules/CheckoutModule/src/CheckoutModule.Application/Carts/Commands/UpdateItem/CartUpdateItemCommandHandler.cs" line-rate="0.9285714285714286" branch-rate="0.75" complexity="5">
          <methods>
            <method name=".ctor" signature="(CheckoutModule.Domain.Carts.Repository.ICartRepository,CheckoutModule.Application.Abstraction.ICheckoutUnitOfWork)" line-rate="1" branch-rate="1" complexity="1">
              <lines>
                <line number="6" hits="2" branch="false" />
                <line number="7" hits="2" branch="false" />
                <line number="8" hits="2" branch="false" />
                <line number="9" hits="2" branch="false" />
              </lines>
            </method>
            <method name="Handle" signature="()" line-rate="0.9" branch-rate="0.75" complexity="4">
              <lines>
                <line number="13" hits="2" branch="false" />
                <line number="14" hits="2" branch="true" condition-coverage="50% (1/2)" />
                <line number="15" hits="0" branch="false" />
                <line number="16" hits="2" branch="true" condition-coverage="100% (2/2)" />
                <line number="17" hits="1" branch="false" />
                <line number="19" hits="1" branch="false" />
                <line number="20" hits="1" branch="false" />
                <line number="21" hits="1" branch="false" />
                <line number="22" hits="1" branch="false" />
                <line number="23" hits="2" branch="false" />
              </lines>
            </method>
          </methods>
          <lines>
            <line number="6" hits="2" branch="false" />
            <line number="7" hits="2" branch="false" />
            <line number="8" hits="2" branch="false" />
            <line number="9" hits="2" branch="false" />
            <line number="13" hits="2" branch="false" />
            <line number="14" hits="2" branch="true" condition-coverage="50% (1/2)" />
            <line number="15" hits="0" branch="false" />
            <line number="16" hits="2" branch="true" condition-coverage="100% (2/2)" />
            <line number="17" hits="1" branch="false" />
            <line number="19" hits="1" branch="false" />
            <line number="20" hits="1" branch="false" />
            <line number="21" hits="1" branch="false" />
            <line number="22" hits="1" branch="false" />
            <line number="23" hits="2" branch="false" />
          </lines>
        </class>
        <class name="CheckoutModule.Application.Carts.Errors.CartEmptyError" filename="/home/runner/work/ShaliShop/ShaliShop/ShaliShop/src/Modules/CheckoutModule/src/CheckoutModule.Application/Carts/Errors/CartEmptyError.cs" line-rate="1" branch-rate="1" complexity="2">
          <methods>
            <method name="get_ErrorCode" signature="()" line-rate="1" branch-rate="1" complexity="1">
              <lines>
                <line number="7" hits="4" branch="false" />
              </lines>
            </method>
            <method name=".ctor" signature="()" line-rate="1" branch-rate="1" complexity="1">
              <lines>
                <line number="5" hits="3" branch="false" />
              </lines>
            </method>
          </methods>
          <lines>
            <line number="5" hits="3" branch="false" />
            <line number="7" hits="4" branch="false" />
          </lines>
        </class>
        <class name="CheckoutModule.Application.Carts.Errors.CartNotFoundError" filename="/home/runner/work/ShaliShop/ShaliShop/ShaliShop/src/Modules/CheckoutModule/src/CheckoutModule.Application/Carts/Errors/CartNotFoundError.cs" line-rate="1" branch-rate="1" complexity="2">
          <methods>
            <method name="get_ErrorCode" signature="()" line-rate="1" branch-rate="1" complexity="1">
              <lines>
                <line number="7" hits="4" branch="false" />
              </lines>
            </method>
            <method name=".ctor" signature="()" line-rate="1" branch-rate="1" complexity="1">
              <lines>
                <line number="5" hits="3" branch="false" />
              </lines>
            </method>
          </methods>
          <lines>
            <line number="5" hits="3" branch="false" />
            <line number="7" hits="4" branch="false" />
          </lines>
        </class>
        <class name="CheckoutModule.Application.Carts.Errors.StockUnavailableError" filename="/home/runner/work/ShaliShop/ShaliShop/ShaliShop/src/Modules/CheckoutModule/src/CheckoutModule.Application/Carts/Errors/StockUnavailableError.cs" line-rate="0" branch-rate="1" complexity="2">
          <methods>
            <method name="get_ProductName" signature="()" line-rate="0" branch-rate="1" complexity="1">
              <lines>
                <line number="5" hits="0" branch="false" />
              </lines>
            </method>
            <method name="get_ErrorCode" signature="()" line-rate="0" branch-rate="1" complexity="1">
              <lines>
                <line number="7" hits="0" branch="false" />
              </lines>
            </method>
          </methods>
          <lines>
            <line number="5" hits="0" branch="false" />
            <line number="7" hits="0" branch="false" />
          </lines>
        </class>
        <class name="CheckoutModule.Application.Models.ShippingAddressDto" filename="/home/runner/work/ShaliShop/ShaliShop/ShaliShop/src/Modules/CheckoutModule/src/CheckoutModule.Application/Models/ShippingAddressDto.cs" line-rate="1" branch-rate="1" complexity="4">
          <methods>
            <method name="get_State" signature="()" line-rate="1" branch-rate="1" complexity="1">
              <lines>
                <line number="3" hits="11" branch="false" />
              </lines>
            </method>
            <method name="get_Street" signature="()" line-rate="1" branch-rate="1" complexity="1">
              <lines>
                <line number="5" hits="7" branch="false" />
              </lines>
            </method>
            <method name="get_City" signature="()" line-rate="1" branch-rate="1" complexity="1">
              <lines>
                <line number="6" hits="7" branch="false" />
              </lines>
            </method>
            <method name="get_ZipCode" signature="()" line-rate="1" branch-rate="1" complexity="1">
              <lines>
                <line number="7" hits="7" branch="false" />
              </lines>
            </method>
          </methods>
          <lines>
            <line number="3" hits="11" branch="false" />
            <line number="5" hits="7" branch="false" />
            <line number="6" hits="7" branch="false" />
            <line number="7" hits="7" branch="false" />
          </lines>
        </class>
      </classes>
    </package>
    <package name="CheckoutModule.Domain" line-rate="0.88" branch-rate="1" complexity="33">
      <classes>
[...]
            <line number="13" hits="4" branch="true" condition-coverage="100% (2/2)" />
            <line number="14" hits="1" branch="false" />
            <line number="16" hits="3" branch="false" />
            <line number="18" hits="2" branch="false" />
            <line number="19" hits="2" branch="false" />
            <line number="21" hits="2" branch="false" />
            <line number="22" hits="3" branch="false" />
          </lines>
        </class>
      </classes>
    </package>
    <package name="ShippingModule.Domain" line-rate="0.9090909090909091" branch-rate="1" complexity="40">
      <classes>
        <class name="ShippingModule.Domain.Shipments.Aggregates.Shipment" filename="/home/runner/work/ShaliShop/ShaliShop/ShaliShop/src/Modules/ShippingModule/src/ShippingModule.Domain/Shipments/Aggregates/Shipment.cs" line-rate="0.9375" branch-rate="1" complexity="22">
          <methods>
            <method name="get_OrderId" signature="()" line-rate="1" branch-rate="1" complexity="1">
              <lines>
                <line number="10" hits="52" branch="false" />
              </lines>
            </method>
            <method name="get_Status" signature="()" line-rate="1" branch-rate="1" complexity="1">
              <lines>
                <line number="11" hits="68" branch="false" />
              </lines>
            </method>
            <method name="get_Carrier" signature="()" line-rate="1" branch-rate="1" complexity="1">
              <lines>
                <line number="12" hits="12" branch="false" />
              </lines>
            </method>
            <method name="get_TrackingNumber" signature="()" line-rate="1" branch-rate="1" complexity="1">
              <lines>
                <line number="13" hits="12" branch="false" />
              </lines>
            </method>
            <method name="get_CreatedAt" signature="()" line-rate="1" branch-rate="1" complexity="1">
              <lines>
                <line number="14" hits="21" branch="false" />
              </lines>
            </method>
            <method name="get_DispatchedAt" signature="()" line-rate="1" branch-rate="1" complexity="1">
              <lines>
                <line number="15" hits="23" branch="false" />
              </lines>
            </method>
            <method name="get_DeliveredAt" signature="()" line-rate="1" branch-rate="1" complexity="1">
              <lines>
                <line number="16" hits="7" branch="false" />
              </lines>
            </method>
            <method name="get_CanceledAt" signature="()" line-rate="1" branch-rate="1" complexity="1">
              <lines>
                <line number="17" hits="4" branch="false" />
              </lines>
            </method>
            <method name="get_DeliveryAttempts" signature="()" line-rate="1" branch-rate="1" complexity="1">
              <lines>
                <line number="19" hits="18" branch="false" />
              </lines>
            </method>
            <method name="Create" signature="(System.Guid)" line-rate="1" branch-rate="1" complexity="1">
              <lines>
                <line number="36" hits="20" branch="false" />
              </lines>
            </method>
            <method name="Dispatch" signature="(System.String,System.String)" line-rate="1" branch-rate="1" complexity="2">
              <lines>
                <line number="40" hits="14" branch="true" condition-coverage="100% (2/2)" />
                <line number="41" hits="3" branch="false" />
                <line number="43" hits="11" branch="false" />
                <line number="44" hits="11" branch="false" />
                <line number="45" hits="11" branch="false" />
                <line number="46" hits="11" branch="false" />
                <line number="48" hits="11" branch="false" />
                <line number="49" hits="11" branch="false" />
              </lines>
            </method>
            <method name="ConfirmDelivery" signature="()" line-rate="1" branch-rate="1" complexity="1">
              <lines>
                <line number="53" hits="5" branch="false" />
                <line number="55" hits="3" branch="false" />
                <line number="56" hits="3" branch="false" />
                <line number="57" hits="3" branch="false" />
                <line number="59" hits="3" branch="false" />
                <line number="60" hits="3" branch="false" />
              </lines>
            </method>
            <method name="Cancel" signature="()" line-rate="1" branch-rate="1" complexity="1">
              <lines>
                <line number="64" hits="3" branch="false" />
                <line number="66" hits="2" branch="false" />
                <line number="67" hits="2" branch="false" />
                <line number="68" hits="2" branch="false" />
                <line number="69" hits="2" branch="false" />
              </lines>
            </method>
            <method name="RetryDelivery" signature="()" line-rate="1" branch-rate="1" complexity="1">
              <lines>
                <line number="73" hits="3" branch="false" />
                <line number="75" hits="2" branch="false" />
                <line number="76" hits="2" branch="false" />
              </lines>
            </method>
            <method name="MarkDeliveryFailed" signature="()" line-rate="1" branch-rate="1" complexity="2">
              <lines>
                <line number="80" hits="4" branch="false" />
                <line number="81" hits="4" branch="true" condition-coverage="100% (2/2)" />
                <line number="82" hits="1" branch="false" />
                <line number="84" hits="3" branch="false" />
                <line number="85" hits="3" branch="false" />
              </lines>
            </method>
            <method name="get_IsDispatched" signature="()" line-rate="1" branch-rate="1" complexity="1">
              <lines>
                <line number="87" hits="8" branch="false" />
              </lines>
            </method>
            <method name="get_IsDelivered" signature="()" line-rate="1" branch-rate="1" complexity="1">
              <lines>
                <line number="88" hits="3" branch="false" />
              </lines>
            </method>
            <method name="get_IsCancellable" signature="()" line-rate="0" branch-rate="1" complexity="1">
              <lines>
                <line number="89" hits="0" branch="false" />
              </lines>
            </method>
            <method name=".ctor" signature="()" line-rate="0" branch-rate="1" complexity="1">
              <lines>
                <line number="22" hits="0" branch="false" />
                <line number="24" hits="0" branch="false" />
              </lines>
            </method>
            <method name=".ctor" signature="(System.Guid)" line-rate="1" branch-rate="1" complexity="1">
              <lines>
                <line number="26" hits="20" branch="false" />
                <line number="28" hits="20" branch="false" />
                <line number="29" hits="20" branch="false" />
                <line number="30" hits="20" branch="false" />
                <line number="32" hits="20" branch="false" />
                <line number="33" hits="20" branch="false" />
              </lines>
            </method>
          </methods>
          <lines>
            <line number="10" hits="52" branch="false" />
            <line number="11" hits="68" branch="false" />
            <line number="12" hits="12" branch="false" />
            <line number="13" hits="12" branch="false" />
            <line number="14" hits="21" branch="false" />
            <line number="15" hits="23" branch="false" />
            <line number="16" hits="7" branch="false" />
            <line number="17" hits="4" branch="false" />
            <line number="19" hits="18" branch="false" />
            <line number="22" hits="0" branch="false" />
            <line number="24" hits="0" branch="false" />
            <line number="26" hits="20" branch="false" />
            <line number="28" hits="20" branch="false" />
            <line number="29" hits="20" branch="false" />
            <line number="30" hits="20" branch="false" />
            <line number="32" hits="20" branch="false" />
            <line number="33" hits="20" branch="false" />
            <line number="36" hits="20" branch="false" />
            <line number="40" hits="14" branch="true" condition-coverage="100% (2/2)" />
            <line number="41" hits="3" branch="false" />
            <line number="43" hits="11" branch="false" />
            <line number="44" hits="11" branch="false" />
            <line number="45" hits="11" branch="false" />
            <line number="46" hits="11" branch="false" />
            <line number="48" hits="11" branch="false" />
            <line number="49" hits="11" branch="false" />
            <line number="53" hits="5" branch="false" />
            <line number="55" hits="3" branch="false" />
            <line number="56" hits="3" branch="false" />
            <line number="57" hits="3" branch="false" />
            <line number="59" hits="3" branch="false" />
            <line number="60" hits="3" branch="false" />
            <line number="64" hits="3" branch="false" />
            <line number="66" hits="2" branch="false" />
            <line number="67" hits="2" branch="false" />
            <line number="68" hits="2" branch="false" />
            <line number="69" hits="2" branch="false" />
            <line number="73" hits="3" branch="false" />
            <line number="75" hits="2" branch="false" />
            <line number="76" hits="2" branch="false" />
            <line number="80" hits="4" branch="false" />
            <line number="81" hits="4" branch="true" condition-coverage="100% (2/2)" />
            <line number="82" hits="1" branch="false" />
            <line number="84" hits="3" branch="false" />
            <line number="85" hits="3" branch="false" />
            <line number="87" hits="8" branch="false" />
            <line number="88" hits="3" branch="false" />
            <line number="89" hits="0" branch="false" />
          </lines>
        </class>
        <class name="ShippingModule.Domain.Shipments.DomainEvents.ShipmentCanceled" filename="/home/runner/work/ShaliShop/ShaliShop/ShaliShop/src/Modules/ShippingModule/src/ShippingModule.Domain/Shipments/DomainEvents/ShipmentCanceled.cs" line-rate="1" branch-rate="1" complexity="1">
          <methods>
            <method name="get_CanceledAt" signature="()" line-rate="1" branch-rate="1" complexity="1">
              <lines>
                <line number="7" hits="2" branch="false" />
              </lines>
            </method>
          </methods>
          <lines>
            <line number="7" hits="2" branch="false" />
          </lines>
        </class>
        <class name="ShippingModule.Domain.Shipments.DomainEvents.ShipmentCreated" filename="/home/runner/work/ShaliShop/ShaliShop/ShaliShop/src/Modules/ShippingModule/src/ShippingModule.Domain/Shipments/DomainEvents/ShipmentCreated.cs" line-rate="1" branch-rate="1" complexity="1">
          <methods>
            <method name="get_OrderId" signature="()" line-rate="1" branch-rate="1" complexity="1">
              <lines>
                <line number="7" hits="21" branch="false" />
              </lines>
            </method>
          </methods>
          <lines>
            <line number="7" hits="21" branch="false" />
          </lines>
        </class>
        <class name="ShippingModule.Domain.Shipments.DomainEvents.ShipmentDelivered" filename="/home/runner/work/ShaliShop/ShaliShop/ShaliShop/src/Modules/ShippingModule/src/ShippingModule.Domain/Shipments/DomainEvents/ShipmentDelivered.cs" line-rate="1" branch-rate="1" complexity="1">
          <methods>
            <method name="get_DeliveredAt" signature="()" line-rate="1" branch-rate="1" complexity="1">
              <lines>
                <line number="7" hits="3" branch="false" />
              </lines>
            </method>
          </methods>
          <lines>
            <line number="7" hits="3" branch="false" />
          </lines>
        </class>
        <class name="ShippingModule.Domain.Shipments.DomainEvents.ShipmentDeliveryFailed" filename="/home/runner/work/ShaliShop/ShaliShop/ShaliShop/src/Modules/ShippingModule/src/ShippingModule.Domain/Shipments/DomainEvents/ShipmentDeliveryFailed.cs" line-rate="1" branch-rate="1" complexity="1">
          <methods>
            <method name="get_AttemptCount" signature="()" line-rate="1" branch-rate="1" complexity="1">
              <lines>
                <line number="5" hits="3" branch="false" />
              </lines>
            </method>
          </methods>
          <lines>
            <line number="5" hits="3" branch="false" />
          </lines>
        </class>
        <class name="ShippingModule.Domain.Shipments.DomainEvents.ShipmentDeliveryRetried" filename="/home/runner/work/ShaliShop/ShaliShop/ShaliShop/src/Modules/ShippingModule/src/ShippingModule.Domain/Shipments/DomainEvents/ShipmentDeliveryRetried.cs" line-rate="1" branch-rate="1" complexity="1">
          <methods>
            <method name="get_RetriedAt" signature="()" line-rate="1" branch-rate="1" complexity="1">
              <lines>
                <line number="5" hits="3" branch="false" />
              </lines>
            </method>
          </methods>
          <lines>
            <line number="5" hits="3" branch="false" />
          </lines>
        </class>
        <class name="ShippingModule.Domain.Shipments.DomainEvents.ShipmentDispatched" filename="/home/runner/work/ShaliShop/ShaliShop/ShaliShop/src/Modules/ShippingModule/src/ShippingModule.Domain/Shipments/DomainEvents/ShipmentDispatched.cs" line-rate="0.4" branch-rate="1" complexity="5">
          <methods>
            <method name="get_OrderId" signature="()" line-rate="0" branch-rate="1" complexity="1">
              <lines>
                <line number="7" hits="0" branch="false" />
              </lines>
            </method>
            <method name="get_DispatchedAt" signature="()" line-rate="1" branch-rate="1" complexity="1">
              <lines>
                <line number="8" hits="1" branch="false" />
              </lines>
            </method>
            <method name="get_Carrier" signature="()" line-rate="0" branch-rate="1" complexity="1">
              <lines>
                <line number="9" hits="0" branch="false" />
              </lines>
            </method>
            <method name="get_TrackingNumber" signature="()" line-rate="0" branch-rate="1" complexity="1">
              <lines>
                <line number="10" hits="0" branch="false" />
              </lines>
            </method>
            <method name=".ctor" signature="(System.Guid,System.Guid,System.DateTime,System.String,System.String)" line-rate="1" branch-rate="1" complexity="1">
              <lines>
                <line number="11" hits="11" branch="false" />
              </lines>
            </method>
          </methods>
          <lines>
            <line number="7" hits="0" branch="false" />
            <line number="8" hits="1" branch="false" />
            <line number="9" hits="0" branch="false" />
            <line number="10" hits="0" branch="false" />
            <line number="11" hits="11" branch="false" />
          </lines>
        </class>
        <class name="ShippingModule.Domain.Shipments.Exceptions.CannotCancelDeliveredShipmentException" filename="/home/runner/work/ShaliShop/ShaliShop/ShaliShop/src/Modules/ShippingModule/src/ShippingModule.Domain/Shipments/Exceptions/CannotCancelDeliveredShipmentException.cs" line-rate="1" branch-rate="1" complexity="2">
          <methods>
            <method name="IsBroken" signature="()" line-rate="1" branch-rate="1" complexity="1">
              <lines>
                <line number="9" hits="3" branch="false" />
              </lines>
            </method>
            <method name=".ctor" signature="(System.Boolean)" line-rate="1" branch-rate="1" complexity="1">
              <lines>
                <line number="5" hits="3" branch="false" />
              </lines>
            </method>
          </methods>
          <lines>
            <line number="5" hits="3" branch="false" />
            <line number="9" hits="3" branch="false" />
          </lines>
        </class>
        <class name="ShippingModule.Domain.Shipments.Exceptions.MaximumDeliveryAttemptsExceededException" filename="/home/runner/work/ShaliShop/ShaliShop/ShaliShop/src/Modules/ShippingModule/src/ShippingModule.Domain/Shipments/Exceptions/MaximumDeliveryAttemptsExceededException.cs" line-rate="1" branch-rate="1" complexity="1">
          <methods>
            <method name=".ctor" signature="()" line-rate="1" branch-rate="1" complexity="1">
              <lines>
                <line number="5" hits="1" branch="false" />
              </lines>
            </method>
          </methods>
          <lines>
            <line number="5" hits="1" branch="false" />
          </lines>
        </class>
        <class name="ShippingModule.Domain.Shipments.Exceptions.OnlyNewlyCreatedShipmentsCanBeDispatchedException" filename="/home/runner/work/ShaliShop/ShaliShop/ShaliShop/src/Modules/ShippingModule/src/ShippingModule.Domain/Shipments/Exceptions/OnlyNewlyCreatedShipmentsCanBeDispatchedException.cs" line-rate="1" branch-rate="1" complexity="1">
          <methods>
            <method name=".ctor" signature="()" line-rate="1" branch-rate="1" complexity="1">
              <lines>
                <line number="5" hits="3" branch="false" />
              </lines>
            </method>
          </methods>
          <lines>
            <line number="5" hits="3" branch="false" />
          </lines>
        </class>
        <class name="ShippingModule.Domain.Shipments.Exceptions.RetryOnlyAllowedForDispatchedShipmentsException" filename="/home/runner/work/ShaliShop/ShaliShop/ShaliShop/src/Modules/ShippingModule/src/ShippingModule.Domain/Shipments/Exceptions/RetryOnlyAllowedForDispatchedShipmentsException.cs" line-rate="1" branch-rate="1" complexity="2">
          <methods>
            <method name="IsBroken" signature="()" line-rate="1" branch-rate="1" complexity="1">
              <lines>
                <line number="9" hits="3" branch="false" />
              </lines>
            </method>
            <method name=".ctor" signature="(System.Boolean)" line-rate="1" branch-rate="1" complexity="1">
              <lines>
                <line number="5" hits="3" branch="false" />
              </lines>
            </method>
          </methods>
          <lines>
            <line number="5" hits="3" branch="false" />
            <line number="9" hits="3" branch="false" />
          </lines>
        </class>
        <class name="ShippingModule.Domain.Shipments.Exceptions.ShipmentMustBeDispatchedBeforeDeliveryException" filename="/home/runner/work/ShaliShop/ShaliShop/ShaliShop/src/Modules/ShippingModule/src/ShippingModule.Domain/Shipments/Exceptions/ShipmentMustBeDispatchedBeforeDeliveryException.cs" line-rate="1" branch-rate="1" complexity="2">
          <methods>
            <method name="IsBroken" signature="()" line-rate="1" branch-rate="1" complexity="1">
              <lines>
                <line number="7" hits="5" branch="false" />
              </lines>
            </method>
            <method name=".ctor" signature="(System.Boolean)" line-rate="1" branch-rate="1" complexity="1">
              <lines>
                <line number="5" hits="5" branch="false" />
              </lines>
            </method>
          </methods>
          <lines>
            <line number="5" hits="5" branch="false" />
            <line number="7" hits="5" branch="false" />
          </lines>
        </class>
      </classes>
    </package>
  </packages>
</coverage>